app/build/intermediates/manifest_merge_blame_file/debug/manifest-merger-blame-debug-report.txt
1<?xml version="1.0" encoding="utf-8"?>
2<manifest xmlns:android="http://schemas.android.com/apk/res/android"
3    package="com.example.diff_utils_recyclerview_example"
4    android:versionCode="1"
5    android:versionName="1.0" >
6
7    <uses-sdk
8        android:minSdkVersion="21"
8-->src/main/AndroidManifest.xml
9        android:targetSdkVersion="33" />
9-->src/main/AndroidManifest.xml
10
11    <uses-permission android:name="android.permission.INTERNET" />
11-->src/main/AndroidManifest.xml:4:5-66
11-->src/main/AndroidManifest.xml:4:22-64
12    <uses-permission android:name="android.permission.REORDER_TASKS" />
12-->[androidx.test:core:1.4.0] AndroidManifest.xml:24:5-72
12-->[androidx.test:core:1.4.0] AndroidManifest.xml:24:22-69
13
14    <application
14-->src/main/AndroidManifest.xml:6:5-23:19
15        android:name="com.example.diff_utils_recyclerview_example.App"
15-->src/main/AndroidManifest.xml:7:9-28
16        android:allowBackup="true"
16-->src/main/AndroidManifest.xml:8:9-35
17        android:appComponentFactory="androidx.core.app.CoreComponentFactory"
17-->[androidx.core:core:1.8.0] AndroidManifest.xml:24:18-86
18        android:debuggable="true"
19        android:icon="@mipmap/ic_launcher"
19-->src/main/AndroidManifest.xml:9:9-43
20        android:label="@string/app_name"
20-->src/main/AndroidManifest.xml:10:9-41
21        android:roundIcon="@mipmap/ic_launcher_round"
21-->src/main/AndroidManifest.xml:11:9-54
22        android:supportsRtl="true"
22-->src/main/AndroidManifest.xml:12:9-35
23        android:testOnly="true"
24        android:theme="@style/Theme.Diff_Utils_Recyclerview_Example" >
24-->src/main/AndroidManifest.xml:13:9-69
25        <activity
25-->src/main/AndroidManifest.xml:14:9-22:20
26            android:name="com.example.diff_utils_recyclerview_example.ui.MainActivity"
26-->src/main/AndroidManifest.xml:15:13-44
27            android:exported="true" >
27-->src/main/AndroidManifest.xml:16:13-36
28            <intent-filter>
28-->src/main/AndroidManifest.xml:17:13-21:29
29                <action android:name="android.intent.action.MAIN" />
29-->src/main/AndroidManifest.xml:18:17-69
29-->src/main/AndroidManifest.xml:18:25-66
30
31                <category android:name="android.intent.category.LAUNCHER" />
31-->src/main/AndroidManifest.xml:20:17-77
31-->src/main/AndroidManifest.xml:20:27-74
32            </intent-filter>
33        </activity>
34        <activity
34-->[androidx.compose.ui:ui-tooling:1.2.0] AndroidManifest.xml:24:9-26:39
35            android:name="androidx.compose.ui.tooling.PreviewActivity"
35-->[androidx.compose.ui:ui-tooling:1.2.0] AndroidManifest.xml:25:13-71
36            android:exported="true" />
36-->[androidx.compose.ui:ui-tooling:1.2.0] AndroidManifest.xml:26:13-36
37        <activity
37-->[androidx.compose.ui:ui-test-manifest:1.2.0] AndroidManifest.xml:24:9-26:39
38            android:name="androidx.activity.ComponentActivity"
38-->[androidx.compose.ui:ui-test-manifest:1.2.0] AndroidManifest.xml:25:13-63
39            android:exported="true" />
39-->[androidx.compose.ui:ui-test-manifest:1.2.0] AndroidManifest.xml:26:13-36
40
41        <provider
41-->[androidx.emoji2:emoji2:1.0.0] AndroidManifest.xml:26:9-34:20
42            android:name="androidx.startup.InitializationProvider"
42-->[androidx.emoji2:emoji2:1.0.0] AndroidManifest.xml:27:13-67
43            android:authorities="com.example.diff_utils_recyclerview_example.androidx-startup"
43-->[androidx.emoji2:emoji2:1.0.0] AndroidManifest.xml:28:13-68
44            android:exported="false" >
44-->[androidx.emoji2:emoji2:1.0.0] AndroidManifest.xml:29:13-37
45            <meta-data
45-->[androidx.emoji2:emoji2:1.0.0] AndroidManifest.xml:31:13-33:52
46                android:name="androidx.emoji2.text.EmojiCompatInitializer"
46-->[androidx.emoji2:emoji2:1.0.0] AndroidManifest.xml:32:17-75
47                android:value="androidx.startup" />
47-->[androidx.emoji2:emoji2:1.0.0] AndroidManifest.xml:33:17-49
48            <meta-data
48-->[androidx.lifecycle:lifecycle-process:2.4.0] AndroidManifest.xml:31:13-33:52
49                android:name="androidx.lifecycle.ProcessLifecycleInitializer"
49-->[androidx.lifecycle:lifecycle-process:2.4.0] AndroidManifest.xml:32:17-78
50                android:value="androidx.startup" />
50-->[androidx.lifecycle:lifecycle-process:2.4.0] AndroidManifest.xml:33:17-49
51            <meta-data
51-->[androidx.profileinstaller:profileinstaller:1.2.0] AndroidManifest.xml:30:13-32:52
52                android:name="androidx.profileinstaller.ProfileInstallerInitializer"
52-->[androidx.profileinstaller:profileinstaller:1.2.0] AndroidManifest.xml:31:17-85
53                android:value="androidx.startup" />
53-->[androidx.profileinstaller:profileinstaller:1.2.0] AndroidManifest.xml:32:17-49
54        </provider>
55
56        <receiver
56-->[androidx.profileinstaller:profileinstaller:1.2.0] AndroidManifest.xml:35:9-47:20
57            android:name="androidx.profileinstaller.ProfileInstallReceiver"
57-->[androidx.profileinstaller:profileinstaller:1.2.0] AndroidManifest.xml:36:13-76
58            android:directBootAware="false"
58-->[androidx.profileinstaller:profileinstaller:1.2.0] AndroidManifest.xml:37:13-44
59            android:enabled="true"
59-->[androidx.profileinstaller:profileinstaller:1.2.0] AndroidManifest.xml:38:13-35
60            android:exported="true"
60-->[androidx.profileinstaller:profileinstaller:1.2.0] AndroidManifest.xml:39:13-36
61            android:permission="android.permission.DUMP" >
61-->[androidx.profileinstaller:profileinstaller:1.2.0] AndroidManifest.xml:40:13-57
62            <intent-filter>
62-->[androidx.profileinstaller:profileinstaller:1.2.0] AndroidManifest.xml:41:13-43:29
63                <action android:name="androidx.profileinstaller.action.INSTALL_PROFILE" />
63-->[androidx.profileinstaller:profileinstaller:1.2.0] AndroidManifest.xml:42:17-91
63-->[androidx.profileinstaller:profileinstaller:1.2.0] AndroidManifest.xml:42:25-88
64            </intent-filter>
65            <intent-filter>
65-->[androidx.profileinstaller:profileinstaller:1.2.0] AndroidManifest.xml:44:13-46:29
66                <action android:name="androidx.profileinstaller.action.SKIP_FILE" />
66-->[androidx.profileinstaller:profileinstaller:1.2.0] AndroidManifest.xml:45:17-85
66-->[androidx.profileinstaller:profileinstaller:1.2.0] AndroidManifest.xml:45:25-82
67            </intent-filter>
68        </receiver>
69
70        <activity
70-->[androidx.test:core:1.4.0] AndroidManifest.xml:27:9-34:20
71            android:name="androidx.test.core.app.InstrumentationActivityInvoker$BootstrapActivity"
71-->[androidx.test:core:1.4.0] AndroidManifest.xml:28:13-99
72            android:exported="true"
72-->[androidx.test:core:1.4.0] AndroidManifest.xml:29:13-36
73            android:theme="@android:style/Theme" >
73-->[androidx.test:core:1.4.0] AndroidManifest.xml:30:13-49
74            <intent-filter>
74-->[androidx.test:core:1.4.0] AndroidManifest.xml:31:13-33:29
75                <action android:name="android.intent.action.MAIN" />
75-->src/main/AndroidManifest.xml:18:17-69
75-->src/main/AndroidManifest.xml:18:25-66
76            </intent-filter>
77        </activity>
78        <activity
78-->[androidx.test:core:1.4.0] AndroidManifest.xml:35:9-42:20
79            android:name="androidx.test.core.app.InstrumentationActivityInvoker$EmptyActivity"
79-->[androidx.test:core:1.4.0] AndroidManifest.xml:36:13-95
80            android:exported="true"
80-->[androidx.test:core:1.4.0] AndroidManifest.xml:37:13-36
81            android:theme="@android:style/Theme" >
81-->[androidx.test:core:1.4.0] AndroidManifest.xml:38:13-49
82            <intent-filter>
82-->[androidx.test:core:1.4.0] AndroidManifest.xml:31:13-33:29
83                <action android:name="android.intent.action.MAIN" />
83-->src/main/AndroidManifest.xml:18:17-69
83-->src/main/AndroidManifest.xml:18:25-66
84            </intent-filter>
85        </activity>
86        <activity
86-->[androidx.test:core:1.4.0] AndroidManifest.xml:43:9-50:20
87            android:name="androidx.test.core.app.InstrumentationActivityInvoker$EmptyFloatingActivity"
87-->[androidx.test:core:1.4.0] AndroidManifest.xml:44:13-103
88            android:exported="true"
88-->[androidx.test:core:1.4.0] AndroidManifest.xml:45:13-36
89            android:theme="@android:style/Theme.Dialog" >
89-->[androidx.test:core:1.4.0] AndroidManifest.xml:46:13-56
90            <intent-filter>
90-->[androidx.test:core:1.4.0] AndroidManifest.xml:31:13-33:29
91                <action android:name="android.intent.action.MAIN" />
91-->src/main/AndroidManifest.xml:18:17-69
91-->src/main/AndroidManifest.xml:18:25-66
92            </intent-filter>
93        </activity>
94    </application>
95
96</manifest>